WARNING:discord.client:PyNaCl is not installed, voice will NOT be supported
WARNING:discord.client:PyNaCl is not installed, voice will NOT be supported
WARNING:discord.client:PyNaCl is not installed, voice will NOT be supported
WARNING:discord.client:PyNaCl is not installed, voice will NOT be supported
WARNING:discord.gateway:Shard ID None heartbeat blocked for more than 10 seconds.
Loop thread traceback (most recent call last):
  File "C:\Users\Green\AppData\Local\JetBrains\Toolbox\apps\PyCharm-P\ch-0\211.7628.24\plugins\python\helpers\pydev\pydevd.py", line 2173, in <module>
    main()
  File "C:\Users\Green\AppData\Local\JetBrains\Toolbox\apps\PyCharm-P\ch-0\211.7628.24\plugins\python\helpers\pydev\pydevd.py", line 2164, in main
    globals = debugger.run(setup['file'], None, None, is_module)
  File "C:\Users\Green\AppData\Local\JetBrains\Toolbox\apps\PyCharm-P\ch-0\211.7628.24\plugins\python\helpers\pydev\pydevd.py", line 1476, in run
    return self._exec(is_module, entry_point_fn, module_name, file, globals, locals)
  File "C:\Users\Green\AppData\Local\JetBrains\Toolbox\apps\PyCharm-P\ch-0\211.7628.24\plugins\python\helpers\pydev\pydevd.py", line 1483, in _exec
    pydev_imports.execfile(file, globals, locals)  # execute the script
  File "C:\Users\Green\AppData\Local\JetBrains\Toolbox\apps\PyCharm-P\ch-0\211.7628.24\plugins\python\helpers\pydev\_pydev_imps\_pydev_execfile.py", line 18, in execfile
    exec(compile(contents+"\n", file, 'exec'), glob, loc)
  File "C:/Users/Green/PycharmProjects/ISISBot/bot.py", line 106, in <module>
    client.run(config.Token)
  File "C:\Users\Green\PycharmProjects\ISISBot\venv\lib\site-packages\discord\client.py", line 713, in run
    loop.run_forever()
  File "C:\Users\Green\AppData\Local\Programs\Python\Python39\lib\asyncio\windows_events.py", line 316, in run_forever
    super().run_forever()
  File "C:\Users\Green\AppData\Local\Programs\Python\Python39\lib\asyncio\base_events.py", line 596, in run_forever
    self._run_once()
  File "C:\Users\Green\AppData\Local\Programs\Python\Python39\lib\asyncio\base_events.py", line 1890, in _run_once
    handle._run()
  File "C:\Users\Green\AppData\Local\Programs\Python\Python39\lib\asyncio\events.py", line 80, in _run
    self._context.run(self._callback, *self._args)
  File "C:\Users\Green\PycharmProjects\ISISBot\venv\lib\site-packages\discord\client.py", line 343, in _run_event
    await coro(*args, **kwargs)
  File "C:\Users\Green\PycharmProjects\ISISBot\Filtering.py", line 366, in on_raw_reaction_add
    await create(payload.user_id)
  File "C:\Users\Green\PycharmProjects\ISISBot\Filtering.py", line 385, in create
    user.append(id)
  File "C:\Users\Green\AppData\Local\JetBrains\Toolbox\apps\PyCharm-P\ch-0\211.7628.24\plugins\python\helpers\pydev\pydevd.py", line 1147, in do_wait_suspend
    self._do_wait_suspend(thread, frame, event, arg, suspend_type, from_this_thread)
  File "C:\Users\Green\AppData\Local\JetBrains\Toolbox\apps\PyCharm-P\ch-0\211.7628.24\plugins\python\helpers\pydev\pydevd.py", line 1162, in _do_wait_suspend
    time.sleep(0.01)

WARNING:discord.gateway:Shard ID None heartbeat blocked for more than 20 seconds.
Loop thread traceback (most recent call last):
  File "C:\Users\Green\AppData\Local\JetBrains\Toolbox\apps\PyCharm-P\ch-0\211.7628.24\plugins\python\helpers\pydev\pydevd.py", line 2173, in <module>
    main()
  File "C:\Users\Green\AppData\Local\JetBrains\Toolbox\apps\PyCharm-P\ch-0\211.7628.24\plugins\python\helpers\pydev\pydevd.py", line 2164, in main
    globals = debugger.run(setup['file'], None, None, is_module)
  File "C:\Users\Green\AppData\Local\JetBrains\Toolbox\apps\PyCharm-P\ch-0\211.7628.24\plugins\python\helpers\pydev\pydevd.py", line 1476, in run
    return self._exec(is_module, entry_point_fn, module_name, file, globals, locals)
  File "C:\Users\Green\AppData\Local\JetBrains\Toolbox\apps\PyCharm-P\ch-0\211.7628.24\plugins\python\helpers\pydev\pydevd.py", line 1483, in _exec
    pydev_imports.execfile(file, globals, locals)  # execute the script
  File "C:\Users\Green\AppData\Local\JetBrains\Toolbox\apps\PyCharm-P\ch-0\211.7628.24\plugins\python\helpers\pydev\_pydev_imps\_pydev_execfile.py", line 18, in execfile
    exec(compile(contents+"\n", file, 'exec'), glob, loc)
  File "C:/Users/Green/PycharmProjects/ISISBot/bot.py", line 106, in <module>
    client.run(config.Token)
  File "C:\Users\Green\PycharmProjects\ISISBot\venv\lib\site-packages\discord\client.py", line 713, in run
    loop.run_forever()
  File "C:\Users\Green\AppData\Local\Programs\Python\Python39\lib\asyncio\windows_events.py", line 316, in run_forever
    super().run_forever()
  File "C:\Users\Green\AppData\Local\Programs\Python\Python39\lib\asyncio\base_events.py", line 596, in run_forever
    self._run_once()
  File "C:\Users\Green\AppData\Local\Programs\Python\Python39\lib\asyncio\base_events.py", line 1890, in _run_once
    handle._run()
  File "C:\Users\Green\AppData\Local\Programs\Python\Python39\lib\asyncio\events.py", line 80, in _run
    self._context.run(self._callback, *self._args)
  File "C:\Users\Green\PycharmProjects\ISISBot\venv\lib\site-packages\discord\client.py", line 343, in _run_event
    await coro(*args, **kwargs)
  File "C:\Users\Green\PycharmProjects\ISISBot\Filtering.py", line 366, in on_raw_reaction_add
    await create(payload.user_id)
  File "C:\Users\Green\PycharmProjects\ISISBot\Filtering.py", line 389, in create
    klist.append([])
  File "C:\Users\Green\AppData\Local\JetBrains\Toolbox\apps\PyCharm-P\ch-0\211.7628.24\plugins\python\helpers\pydev\pydevd.py", line 1147, in do_wait_suspend
    self._do_wait_suspend(thread, frame, event, arg, suspend_type, from_this_thread)
  File "C:\Users\Green\AppData\Local\JetBrains\Toolbox\apps\PyCharm-P\ch-0\211.7628.24\plugins\python\helpers\pydev\pydevd.py", line 1162, in _do_wait_suspend
    time.sleep(0.01)

WARNING:discord.gateway:Shard ID None heartbeat blocked for more than 30 seconds.
Loop thread traceback (most recent call last):
  File "C:\Users\Green\AppData\Local\JetBrains\Toolbox\apps\PyCharm-P\ch-0\211.7628.24\plugins\python\helpers\pydev\pydevd.py", line 2173, in <module>
    main()
  File "C:\Users\Green\AppData\Local\JetBrains\Toolbox\apps\PyCharm-P\ch-0\211.7628.24\plugins\python\helpers\pydev\pydevd.py", line 2164, in main
    globals = debugger.run(setup['file'], None, None, is_module)
  File "C:\Users\Green\AppData\Local\JetBrains\Toolbox\apps\PyCharm-P\ch-0\211.7628.24\plugins\python\helpers\pydev\pydevd.py", line 1476, in run
    return self._exec(is_module, entry_point_fn, module_name, file, globals, locals)
  File "C:\Users\Green\AppData\Local\JetBrains\Toolbox\apps\PyCharm-P\ch-0\211.7628.24\plugins\python\helpers\pydev\pydevd.py", line 1483, in _exec
    pydev_imports.execfile(file, globals, locals)  # execute the script
  File "C:\Users\Green\AppData\Local\JetBrains\Toolbox\apps\PyCharm-P\ch-0\211.7628.24\plugins\python\helpers\pydev\_pydev_imps\_pydev_execfile.py", line 18, in execfile
    exec(compile(contents+"\n", file, 'exec'), glob, loc)
  File "C:/Users/Green/PycharmProjects/ISISBot/bot.py", line 106, in <module>
    client.run(config.Token)
  File "C:\Users\Green\PycharmProjects\ISISBot\venv\lib\site-packages\discord\client.py", line 713, in run
    loop.run_forever()
  File "C:\Users\Green\AppData\Local\Programs\Python\Python39\lib\asyncio\windows_events.py", line 316, in run_forever
    super().run_forever()
  File "C:\Users\Green\AppData\Local\Programs\Python\Python39\lib\asyncio\base_events.py", line 596, in run_forever
    self._run_once()
  File "C:\Users\Green\AppData\Local\Programs\Python\Python39\lib\asyncio\base_events.py", line 1890, in _run_once
    handle._run()
  File "C:\Users\Green\AppData\Local\Programs\Python\Python39\lib\asyncio\events.py", line 80, in _run
    self._context.run(self._callback, *self._args)
  File "C:\Users\Green\PycharmProjects\ISISBot\venv\lib\site-packages\discord\client.py", line 343, in _run_event
    await coro(*args, **kwargs)
  File "C:\Users\Green\PycharmProjects\ISISBot\Filtering.py", line 366, in on_raw_reaction_add
    await create(payload.user_id)
  File "C:\Users\Green\PycharmProjects\ISISBot\Filtering.py", line 392, in create
    create.set_thumbnail(url="https://i.imgur.com/TBr8R7L.png")
  File "C:\Users\Green\AppData\Local\JetBrains\Toolbox\apps\PyCharm-P\ch-0\211.7628.24\plugins\python\helpers\pydev\_pydevd_bundle\pydevd_trace_dispatch.py", line 59, in trace_dispatch
    return _trace_dispatch(py_db, frame, event, arg)
  File "C:\Users\Green\AppData\Local\JetBrains\Toolbox\apps\PyCharm-P\ch-0\211.7628.24\plugins\python\helpers\pydev\pydevd.py", line 1147, in do_wait_suspend
    self._do_wait_suspend(thread, frame, event, arg, suspend_type, from_this_thread)
  File "C:\Users\Green\AppData\Local\JetBrains\Toolbox\apps\PyCharm-P\ch-0\211.7628.24\plugins\python\helpers\pydev\pydevd.py", line 1162, in _do_wait_suspend
    time.sleep(0.01)

